p/image_30.jpg 1 0 0 24 24
p/image_29.jpg 1 0 0 24 24
p/image_28.jpg 1 0 0 24 24
p/image_27.jpg 1 0 0 24 24
p/image_25.jpg 1 0 0 24 24
p/image_26.jpg 1 0 0 24 24
p/image_24.jpg 1 0 0 24 24
p/image_23.jpg 1 0 0 24 24
p/image_22.jpg 1 0 0 24 24
p/image_21.jpg 1 0 0 24 24
p/image_19.jpg 1 0 0 24 24
p/image_20.jpg 1 0 0 24 24
p/image_18.jpg 1 0 0 24 24
p/image_16.jpg 1 0 0 24 24
p/image_17.jpg 1 0 0 24 24
p/image_15.jpg 1 0 0 24 24
p/image_14.jpg 1 0 0 24 24
p/image_12.jpg 1 0 0 24 24
p/image_13.jpg 1 0 0 24 24
p/image_11.jpg 1 0 0 24 24
p/image_10.jpg 1 0 0 24 24
p/image_9.jpg 1 0 0 24 24
p/image_7.jpg 1 0 0 24 24
p/image_8.jpg 1 0 0 24 24
p/image_5.jpg 1 0 0 24 24
p/image_6.jpg 1 0 0 24 24
p/image_4.jpg 1 0 0 24 24
p/image_3.jpg 1 0 0 24 24
p/image_2.jpg 1 0 0 24 24
p/image_1.jpg 1 0 0 24 24